2019-04-06 04:34:11.377 INFO  (main) [   ] o.e.j.u.log Logging initialized @1235ms to org.eclipse.jetty.util.log.Slf4jLog
2019-04-06 04:34:11.557 WARN  (main) [   ] o.e.j.s.AbstractConnector Ignoring deprecated socket close linger time
2019-04-06 04:34:11.565 INFO  (main) [   ] o.e.j.s.Server jetty-9.4.14.v20181114; built: 2018-11-14T21:20:31.478Z; git: c4550056e785fb5665914545889f21dc136ad9e6; jvm 11.0.2+9-LTS
2019-04-06 04:34:11.590 INFO  (main) [   ] o.e.j.d.p.ScanningAppProvider Deployment monitor [file:///C:/Users/joshua%20lim/Documents/GitHub/IRproject/solr-8.0.0%203/server/contexts/] at interval 0
2019-04-06 04:34:12.544 INFO  (main) [   ] o.e.j.w.StandardDescriptorProcessor NO JSP Support for /solr, did not find org.apache.jasper.servlet.JspServlet
2019-04-06 04:34:12.558 INFO  (main) [   ] o.e.j.s.session DefaultSessionIdManager workerName=node0
2019-04-06 04:34:12.558 INFO  (main) [   ] o.e.j.s.session No SessionScavenger set, using defaults
2019-04-06 04:34:12.561 INFO  (main) [   ] o.e.j.s.session node0 Scavenging every 600000ms
2019-04-06 04:34:12.599 INFO  (main) [   ] o.a.s.u.c.SSLCredentialProviderFactory Processing SSL Credential Provider chain: env;sysprop
2019-04-06 04:34:12.630 INFO  (main) [   ] o.a.s.s.SolrDispatchFilter Using logger factory org.apache.logging.slf4j.Log4jLoggerFactory
2019-04-06 04:34:12.636 INFO  (main) [   ] o.a.s.s.SolrDispatchFilter  ___      _       Welcome to Apache Solr™ version 8.0.0
2019-04-06 04:34:12.636 INFO  (main) [   ] o.a.s.s.SolrDispatchFilter / __| ___| |_ _   Starting in standalone mode on port 8983
2019-04-06 04:34:12.637 INFO  (main) [   ] o.a.s.s.SolrDispatchFilter \__ \/ _ \ | '_|  Install dir: C:\Users\joshua lim\Documents\GitHub\IRproject\solr-8.0.0 3
2019-04-06 04:34:12.637 INFO  (main) [   ] o.a.s.s.SolrDispatchFilter |___/\___/_|_|    Start time: 2019-04-06T04:34:12.637711700Z
2019-04-06 04:34:12.691 INFO  (main) [   ] o.a.s.c.SolrResourceLoader Using system property solr.solr.home: C:\Users\joshua lim\Documents\GitHub\IRproject\solr-8.0.0 3\server\solr
2019-04-06 04:34:12.702 INFO  (main) [   ] o.a.s.c.SolrXmlConfig Loading container configuration from C:\Users\joshua lim\Documents\GitHub\IRproject\solr-8.0.0 3\server\solr\solr.xml
2019-04-06 04:34:12.773 INFO  (main) [   ] o.a.s.c.SolrXmlConfig MBean server found: com.sun.jmx.mbeanserver.JmxMBeanServer@3b79fd76, but no JMX reporters were configured - adding default JMX reporter.
2019-04-06 04:34:13.393 INFO  (main) [   ] o.a.s.h.c.HttpShardHandlerFactory Host whitelist initialized: WhitelistHostChecker [whitelistHosts=null, whitelistHostCheckingEnabled=true]
2019-04-06 04:34:13.672 WARN  (main) [   ] o.e.j.u.s.S.config No Client EndPointIdentificationAlgorithm configured for SslContextFactory@610df783[provider=null,keyStore=null,trustStore=null]
2019-04-06 04:34:13.790 WARN  (main) [   ] o.e.j.u.s.S.config No Client EndPointIdentificationAlgorithm configured for SslContextFactory@6009bea[provider=null,keyStore=null,trustStore=null]
2019-04-06 04:34:18.556 INFO  (main) [   ] o.a.s.c.TransientSolrCoreCacheDefault Allocating transient cache for 2147483647 transient cores
2019-04-06 04:34:18.557 INFO  (main) [   ] o.a.s.h.a.MetricsHistoryHandler No .system collection, keeping metrics history in memory.
2019-04-06 04:34:18.617 INFO  (main) [   ] o.a.s.m.r.SolrJmxReporter JMX monitoring for 'solr.node' (registry 'solr.node') enabled at server: com.sun.jmx.mbeanserver.JmxMBeanServer@3b79fd76
2019-04-06 04:34:18.618 INFO  (main) [   ] o.a.s.m.r.SolrJmxReporter JMX monitoring for 'solr.jvm' (registry 'solr.jvm') enabled at server: com.sun.jmx.mbeanserver.JmxMBeanServer@3b79fd76
2019-04-06 04:34:18.621 INFO  (main) [   ] o.a.s.m.r.SolrJmxReporter JMX monitoring for 'solr.jetty' (registry 'solr.jetty') enabled at server: com.sun.jmx.mbeanserver.JmxMBeanServer@3b79fd76
2019-04-06 04:34:18.653 INFO  (main) [   ] o.a.s.c.CorePropertiesLocator Found 2 core definitions underneath C:\Users\joshua lim\Documents\GitHub\IRproject\solr-8.0.0 3\server\solr
2019-04-06 04:34:18.653 INFO  (main) [   ] o.a.s.c.CorePropertiesLocator Cores are: [restaurants, reviews]
2019-04-06 04:34:18.718 INFO  (coreLoadExecutor-9-thread-1) [   x:restaurants] o.a.s.c.SolrResourceLoader [restaurants] Added 59 libs to classloader, from paths: [/C:/Users/joshua%20lim/Documents/GitHub/IRproject/solr-8.0.0%203/contrib/clustering/lib, /C:/Users/joshua%20lim/Documents/GitHub/IRproject/solr-8.0.0%203/contrib/extraction/lib, /C:/Users/joshua%20lim/Documents/GitHub/IRproject/solr-8.0.0%203/contrib/langid/lib, /C:/Users/joshua%20lim/Documents/GitHub/IRproject/solr-8.0.0%203/contrib/velocity/lib, /C:/Users/joshua%20lim/Documents/GitHub/IRproject/solr-8.0.0%203/dist]
2019-04-06 04:34:18.718 INFO  (coreLoadExecutor-9-thread-2) [   x:reviews] o.a.s.c.SolrResourceLoader [reviews] Added 59 libs to classloader, from paths: [/C:/Users/joshua%20lim/Documents/GitHub/IRproject/solr-8.0.0%203/contrib/clustering/lib, /C:/Users/joshua%20lim/Documents/GitHub/IRproject/solr-8.0.0%203/contrib/extraction/lib, /C:/Users/joshua%20lim/Documents/GitHub/IRproject/solr-8.0.0%203/contrib/langid/lib, /C:/Users/joshua%20lim/Documents/GitHub/IRproject/solr-8.0.0%203/contrib/velocity/lib, /C:/Users/joshua%20lim/Documents/GitHub/IRproject/solr-8.0.0%203/dist]
2019-04-06 04:34:18.903 INFO  (coreLoadExecutor-9-thread-1) [   x:restaurants] o.a.s.c.SolrConfig Using Lucene MatchVersion: 8.0.0
2019-04-06 04:34:18.912 INFO  (coreLoadExecutor-9-thread-2) [   x:reviews] o.a.s.c.SolrConfig Using Lucene MatchVersion: 8.0.0
2019-04-06 04:34:18.986 INFO  (main) [   ] o.e.j.s.h.ContextHandler Started o.e.j.w.WebAppContext@1e5f4170{/solr,file:///C:/Users/joshua%20lim/Documents/GitHub/IRproject/solr-8.0.0%203/server/solr-webapp/webapp/,AVAILABLE}{C:\Users\joshua lim\Documents\GitHub\IRproject\solr-8.0.0 3\server/solr-webapp/webapp}
2019-04-06 04:34:18.999 INFO  (main) [   ] o.e.j.s.AbstractConnector Started ServerConnector@1f6917fb{HTTP/1.1,[http/1.1, h2c]}{0.0.0.0:8983}
2019-04-06 04:34:18.999 INFO  (main) [   ] o.e.j.s.Server Started @8860ms
2019-04-06 04:34:19.052 INFO  (coreLoadExecutor-9-thread-2) [   x:reviews] o.a.s.s.IndexSchema [reviews] Schema name=default-config
2019-04-06 04:34:19.054 INFO  (coreLoadExecutor-9-thread-1) [   x:restaurants] o.a.s.s.IndexSchema [restaurants] Schema name=default-config
2019-04-06 04:34:19.405 INFO  (qtp2059461664-23) [   ] o.a.s.s.HttpSolrCall [admin] webapp=null path=/admin/info/system params={wt=json} status=0 QTime=80
2019-04-06 04:34:19.548 INFO  (coreLoadExecutor-9-thread-2) [   x:reviews] o.a.s.s.IndexSchema Loaded schema default-config/1.6 with uniqueid field id
2019-04-06 04:34:19.548 INFO  (coreLoadExecutor-9-thread-1) [   x:restaurants] o.a.s.s.IndexSchema Loaded schema default-config/1.6 with uniqueid field id
2019-04-06 04:34:19.601 INFO  (coreLoadExecutor-9-thread-1) [   x:restaurants] o.a.s.c.CoreContainer Creating SolrCore 'restaurants' using configuration from instancedir C:\Users\joshua lim\Documents\GitHub\IRproject\solr-8.0.0 3\server\solr\restaurants, trusted=true
2019-04-06 04:34:19.601 INFO  (coreLoadExecutor-9-thread-2) [   x:reviews] o.a.s.c.CoreContainer Creating SolrCore 'reviews' using configuration from instancedir C:\Users\joshua lim\Documents\GitHub\IRproject\solr-8.0.0 3\server\solr\reviews, trusted=true
2019-04-06 04:34:19.609 INFO  (coreLoadExecutor-9-thread-1) [   x:restaurants] o.a.s.m.r.SolrJmxReporter JMX monitoring for 'solr.core.restaurants' (registry 'solr.core.restaurants') enabled at server: com.sun.jmx.mbeanserver.JmxMBeanServer@3b79fd76
2019-04-06 04:34:19.609 INFO  (coreLoadExecutor-9-thread-2) [   x:reviews] o.a.s.m.r.SolrJmxReporter JMX monitoring for 'solr.core.reviews' (registry 'solr.core.reviews') enabled at server: com.sun.jmx.mbeanserver.JmxMBeanServer@3b79fd76
2019-04-06 04:34:19.625 INFO  (coreLoadExecutor-9-thread-1) [   x:restaurants] o.a.s.c.SolrCore [[restaurants] ] Opening new SolrCore at [C:\Users\joshua lim\Documents\GitHub\IRproject\solr-8.0.0 3\server\solr\restaurants], dataDir=[C:\Users\joshua lim\Documents\GitHub\IRproject\solr-8.0.0 3\server\solr\restaurants\data\]
2019-04-06 04:34:19.625 INFO  (coreLoadExecutor-9-thread-2) [   x:reviews] o.a.s.c.SolrCore [[reviews] ] Opening new SolrCore at [C:\Users\joshua lim\Documents\GitHub\IRproject\solr-8.0.0 3\server\solr\reviews], dataDir=[C:\Users\joshua lim\Documents\GitHub\IRproject\solr-8.0.0 3\server\solr\reviews\data\]
2019-04-06 04:34:19.661 INFO  (coreLoadExecutor-9-thread-1) [   x:restaurants] o.a.s.r.XSLTResponseWriter xsltCacheLifetimeSeconds=5
2019-04-06 04:34:19.661 INFO  (coreLoadExecutor-9-thread-2) [   x:reviews] o.a.s.r.XSLTResponseWriter xsltCacheLifetimeSeconds=5
2019-04-06 04:34:24.725 INFO  (coreLoadExecutor-9-thread-2) [   x:reviews] o.a.s.u.UpdateHandler Using UpdateLog implementation: org.apache.solr.update.UpdateLog
2019-04-06 04:34:24.725 INFO  (coreLoadExecutor-9-thread-1) [   x:restaurants] o.a.s.u.UpdateHandler Using UpdateLog implementation: org.apache.solr.update.UpdateLog
2019-04-06 04:34:24.725 INFO  (coreLoadExecutor-9-thread-1) [   x:restaurants] o.a.s.u.UpdateLog Initializing UpdateLog: dataDir= defaultSyncLevel=FLUSH numRecordsToKeep=100 maxNumLogsToKeep=10 numVersionBuckets=65536
2019-04-06 04:34:24.725 INFO  (coreLoadExecutor-9-thread-2) [   x:reviews] o.a.s.u.UpdateLog Initializing UpdateLog: dataDir= defaultSyncLevel=FLUSH numRecordsToKeep=100 maxNumLogsToKeep=10 numVersionBuckets=65536
2019-04-06 04:34:24.748 INFO  (coreLoadExecutor-9-thread-1) [   x:restaurants] o.a.s.u.CommitTracker Hard AutoCommit: if uncommitted for 15000ms; 
2019-04-06 04:34:24.748 INFO  (coreLoadExecutor-9-thread-2) [   x:reviews] o.a.s.u.CommitTracker Hard AutoCommit: if uncommitted for 15000ms; 
2019-04-06 04:34:24.749 INFO  (coreLoadExecutor-9-thread-1) [   x:restaurants] o.a.s.u.CommitTracker Soft AutoCommit: disabled
2019-04-06 04:34:24.749 INFO  (coreLoadExecutor-9-thread-2) [   x:reviews] o.a.s.u.CommitTracker Soft AutoCommit: disabled
2019-04-06 04:34:24.843 INFO  (coreLoadExecutor-9-thread-1) [   x:restaurants] o.a.s.s.SolrIndexSearcher Opening [Searcher@3427ea39[restaurants] main]
2019-04-06 04:34:24.843 INFO  (coreLoadExecutor-9-thread-2) [   x:reviews] o.a.s.s.SolrIndexSearcher Opening [Searcher@48e9bb33[reviews] main]
2019-04-06 04:34:24.853 INFO  (coreLoadExecutor-9-thread-1) [   x:restaurants] o.a.s.r.ManagedResourceStorage File-based storage initialized to use dir: C:\Users\joshua lim\Documents\GitHub\IRproject\solr-8.0.0 3\server\solr\restaurants\conf
2019-04-06 04:34:24.853 INFO  (coreLoadExecutor-9-thread-2) [   x:reviews] o.a.s.r.ManagedResourceStorage File-based storage initialized to use dir: C:\Users\joshua lim\Documents\GitHub\IRproject\solr-8.0.0 3\server\solr\reviews\conf
2019-04-06 04:34:24.875 INFO  (coreLoadExecutor-9-thread-1) [   x:restaurants] o.a.s.h.c.SpellCheckComponent Initializing spell checkers
2019-04-06 04:34:24.875 INFO  (coreLoadExecutor-9-thread-2) [   x:reviews] o.a.s.h.c.SpellCheckComponent Initializing spell checkers
2019-04-06 04:34:24.883 INFO  (coreLoadExecutor-9-thread-2) [   x:reviews] o.a.s.s.DirectSolrSpellChecker init: {name=default,field=_text_,classname=solr.DirectSolrSpellChecker,distanceMeasure=internal,accuracy=0.5,maxEdits=2,minPrefix=1,maxInspections=5,minQueryLength=4,maxQueryFrequency=0.01}
2019-04-06 04:34:24.883 INFO  (coreLoadExecutor-9-thread-1) [   x:restaurants] o.a.s.s.DirectSolrSpellChecker init: {name=default,field=_text_,classname=solr.DirectSolrSpellChecker,distanceMeasure=internal,accuracy=0.5,maxEdits=2,minPrefix=1,maxInspections=5,minQueryLength=4,maxQueryFrequency=0.01}
2019-04-06 04:34:24.899 INFO  (coreLoadExecutor-9-thread-2) [   x:reviews] o.a.s.h.ReplicationHandler Commits will be reserved for 10000ms.
2019-04-06 04:34:24.899 INFO  (coreLoadExecutor-9-thread-1) [   x:restaurants] o.a.s.h.ReplicationHandler Commits will be reserved for 10000ms.
2019-04-06 04:34:24.918 INFO  (searcherExecutor-11-thread-1-processing-x:reviews) [   x:reviews] o.a.s.c.QuerySenderListener QuerySenderListener sending requests to Searcher@48e9bb33[reviews] main{ExitableDirectoryReader(UninvertingDirectoryReader(Uninverting(_0(8.0.0):C6138:[diagnostics={java.runtime.version=10.0.1+10, java.vendor=Oracle Corporation, java.version=10.0.1, java.vm.version=10.0.1+10, lucene.version=8.0.0, os=Mac OS X, os.arch=x86_64, os.version=10.14.3, source=flush, timestamp=1553602273331}]:[attributes={Lucene50StoredFieldsFormat.mode=BEST_SPEED}])))}
2019-04-06 04:34:24.918 INFO  (searcherExecutor-10-thread-1-processing-x:restaurants) [   x:restaurants] o.a.s.c.QuerySenderListener QuerySenderListener sending requests to Searcher@3427ea39[restaurants] main{ExitableDirectoryReader(UninvertingDirectoryReader(Uninverting(_0(8.0.0):C100:[diagnostics={java.runtime.version=10.0.1+10, java.vendor=Oracle Corporation, java.version=10.0.1, java.vm.version=10.0.1+10, lucene.version=8.0.0, os=Mac OS X, os.arch=x86_64, os.version=10.14.3, source=flush, timestamp=1554092669142}]:[attributes={Lucene50StoredFieldsFormat.mode=BEST_SPEED}])))}
2019-04-06 04:34:24.918 INFO  (searcherExecutor-11-thread-1-processing-x:reviews) [   x:reviews] o.a.s.c.QuerySenderListener QuerySenderListener done.
2019-04-06 04:34:24.918 INFO  (searcherExecutor-10-thread-1-processing-x:restaurants) [   x:restaurants] o.a.s.c.QuerySenderListener QuerySenderListener done.
2019-04-06 04:34:24.918 INFO  (searcherExecutor-11-thread-1-processing-x:reviews) [   x:reviews] o.a.s.h.c.SpellCheckComponent Loading spell index for spellchecker: default
2019-04-06 04:34:24.918 INFO  (searcherExecutor-10-thread-1-processing-x:restaurants) [   x:restaurants] o.a.s.h.c.SpellCheckComponent Loading spell index for spellchecker: default
2019-04-06 04:34:24.925 INFO  (searcherExecutor-11-thread-1-processing-x:reviews) [   x:reviews] o.a.s.c.SolrCore [reviews] Registered new searcher Searcher@48e9bb33[reviews] main{ExitableDirectoryReader(UninvertingDirectoryReader(Uninverting(_0(8.0.0):C6138:[diagnostics={java.runtime.version=10.0.1+10, java.vendor=Oracle Corporation, java.version=10.0.1, java.vm.version=10.0.1+10, lucene.version=8.0.0, os=Mac OS X, os.arch=x86_64, os.version=10.14.3, source=flush, timestamp=1553602273331}]:[attributes={Lucene50StoredFieldsFormat.mode=BEST_SPEED}])))}
2019-04-06 04:34:24.925 INFO  (searcherExecutor-10-thread-1-processing-x:restaurants) [   x:restaurants] o.a.s.c.SolrCore [restaurants] Registered new searcher Searcher@3427ea39[restaurants] main{ExitableDirectoryReader(UninvertingDirectoryReader(Uninverting(_0(8.0.0):C100:[diagnostics={java.runtime.version=10.0.1+10, java.vendor=Oracle Corporation, java.version=10.0.1, java.vm.version=10.0.1+10, lucene.version=8.0.0, os=Mac OS X, os.arch=x86_64, os.version=10.14.3, source=flush, timestamp=1554092669142}]:[attributes={Lucene50StoredFieldsFormat.mode=BEST_SPEED}])))}
2019-04-06 04:35:41.514 INFO  (qtp2059461664-19) [   x:restaurants] o.a.s.c.S.Request [restaurants]  webapp=/solr path=/select params={q=Restaurant:cafe+||+Price:cafe+||+Number:cafe+||+Type:cafe&rows=100} hits=1 status=0 QTime=71
2019-04-06 04:35:41.567 INFO  (qtp2059461664-20) [   x:reviews] o.a.s.c.S.Request [reviews]  webapp=/solr path=/select params={q=RestaurantID:16&rows=10} hits=114 status=0 QTime=22
