[2019-04-06T18:19:35.134+0800][0.017s] Using Concurrent Mark Sweep
[2019-04-06T18:19:35.134+0800][0.017s] Heap address: 0x00000000e0000000, size: 512 MB, Compressed Oops mode: 32-bit
[2019-04-06T18:19:37.065+0800][1.948s] GC(0) Pause Young (Allocation Failure)
[2019-04-06T18:19:37.065+0800][1.949s] GC(0) Using 4 workers of 4 for evacuation
[2019-04-06T18:19:37.074+0800][1.958s] GC(0) ParNew: 87424K->8478K(109248K)
[2019-04-06T18:19:37.074+0800][1.958s] GC(0) CMS: 0K->0K(393216K)
[2019-04-06T18:19:37.074+0800][1.958s] GC(0) Metaspace: 22934K->22934K(1071104K)
[2019-04-06T18:19:37.074+0800][1.958s] GC(0) Pause Young (Allocation Failure) 85M->8M(490M) 9.388ms
[2019-04-06T18:19:37.074+0800][1.958s] GC(0) User=0.00s Sys=0.00s Real=0.01s
[2019-04-06T18:19:37.075+0800][1.958s] GC(1) Pause Initial Mark
[2019-04-06T18:19:37.077+0800][1.960s] GC(1) Pause Initial Mark 9M->9M(490M) 1.696ms
[2019-04-06T18:19:37.077+0800][1.960s] GC(1) User=0.05s Sys=0.00s Real=0.00s
[2019-04-06T18:19:37.077+0800][1.960s] GC(1) Concurrent Mark
[2019-04-06T18:19:37.077+0800][1.960s] GC(1) Using 4 workers of 4 for marking
[2019-04-06T18:19:37.079+0800][1.962s] GC(1) Concurrent Mark 1.871ms
[2019-04-06T18:19:37.079+0800][1.962s] GC(1) User=0.00s Sys=0.00s Real=0.00s
[2019-04-06T18:19:37.079+0800][1.962s] GC(1) Concurrent Preclean
[2019-04-06T18:19:37.081+0800][1.964s] GC(1) Concurrent Preclean 1.831ms
[2019-04-06T18:19:37.081+0800][1.964s] GC(1) User=0.00s Sys=0.00s Real=0.00s
[2019-04-06T18:19:37.081+0800][1.964s] GC(1) Pause Remark
[2019-04-06T18:19:37.081+0800][1.964s] GC(2) Pause Young (CMS Final Remark)
[2019-04-06T18:19:37.081+0800][1.965s] GC(2) Using 4 workers of 4 for evacuation
[2019-04-06T18:19:37.088+0800][1.971s] GC(2) ParNew: 9984K->9962K(109248K)
[2019-04-06T18:19:37.088+0800][1.971s] GC(2) CMS: 0K->0K(393216K)
[2019-04-06T18:19:37.088+0800][1.972s] GC(2) Metaspace: 22938K->22938K(1071104K)
[2019-04-06T18:19:37.088+0800][1.972s] GC(2) Pause Young (CMS Final Remark) 9M->9M(490M) 7.080ms
[2019-04-06T18:19:37.088+0800][1.972s] GC(2) User=0.00s Sys=0.00s Real=0.01s
[2019-04-06T18:19:37.095+0800][1.979s] GC(1) Pause Remark 9M->9M(490M) 14.316ms
[2019-04-06T18:19:37.095+0800][1.979s] GC(1) User=0.03s Sys=0.00s Real=0.01s
[2019-04-06T18:19:37.095+0800][1.979s] GC(1) Concurrent Sweep
[2019-04-06T18:19:37.096+0800][1.979s] GC(1) Concurrent Sweep 0.423ms
[2019-04-06T18:19:37.096+0800][1.979s] GC(1) User=0.00s Sys=0.00s Real=0.00s
[2019-04-06T18:19:37.096+0800][1.980s] GC(1) Concurrent Reset
[2019-04-06T18:19:37.100+0800][1.984s] GC(1) Concurrent Reset 4.336ms
[2019-04-06T18:19:37.101+0800][1.984s] GC(1) User=0.00s Sys=0.00s Real=0.01s
[2019-04-06T18:19:37.101+0800][1.984s] GC(1) Old: 0K->0K(393216K)
[2019-04-06T18:19:38.765+0800][3.648s] GC(3) Pause Young (Allocation Failure)
[2019-04-06T18:19:38.765+0800][3.648s] GC(3) Using 4 workers of 4 for evacuation
[2019-04-06T18:19:38.776+0800][3.659s] GC(3) ParNew: 97386K->18453K(109248K)
[2019-04-06T18:19:38.776+0800][3.659s] GC(3) CMS: 0K->0K(393216K)
[2019-04-06T18:19:38.776+0800][3.659s] GC(3) Metaspace: 32723K->32723K(1079296K)
[2019-04-06T18:19:38.776+0800][3.659s] GC(3) Pause Young (Allocation Failure) 95M->18M(490M) 11.249ms
[2019-04-06T18:19:38.776+0800][3.659s] GC(3) User=0.00s Sys=0.00s Real=0.01s
[2019-04-06T18:19:43.825+0800][8.708s] GC(4) Pause Young (Allocation Failure)
[2019-04-06T18:19:43.825+0800][8.708s] GC(4) Using 4 workers of 4 for evacuation
[2019-04-06T18:19:43.837+0800][8.720s] GC(4) ParNew: 105877K->21824K(109248K)
[2019-04-06T18:19:43.837+0800][8.720s] GC(4) CMS: 0K->385K(393216K)
[2019-04-06T18:19:43.837+0800][8.720s] GC(4) Metaspace: 36674K->36674K(1083392K)
[2019-04-06T18:19:43.837+0800][8.720s] GC(4) Pause Young (Allocation Failure) 103M->21M(490M) 11.609ms
[2019-04-06T18:19:43.837+0800][8.720s] GC(4) User=0.11s Sys=0.00s Real=0.01s
[2019-04-06T18:19:44.015+0800][8.899s] GC(5) Pause Young (Allocation Failure)
[2019-04-06T18:19:44.015+0800][8.899s] GC(5) Using 4 workers of 4 for evacuation
[2019-04-06T18:19:44.026+0800][8.910s] GC(5) ParNew: 109248K->21824K(109248K)
[2019-04-06T18:19:44.026+0800][8.910s] GC(5) CMS: 385K->564K(393216K)
[2019-04-06T18:19:44.026+0800][8.910s] GC(5) Metaspace: 38313K->38313K(1083392K)
[2019-04-06T18:19:44.026+0800][8.910s] GC(5) Pause Young (Allocation Failure) 107M->21M(490M) 10.807ms
[2019-04-06T18:19:44.026+0800][8.910s] GC(5) User=0.00s Sys=0.00s Real=0.01s
[2019-04-06T18:19:44.026+0800][8.910s] GC(6) Pause Initial Mark
[2019-04-06T18:19:44.029+0800][8.913s] GC(6) Pause Initial Mark 22M->22M(490M) 2.633ms
[2019-04-06T18:19:44.029+0800][8.913s] GC(6) User=0.00s Sys=0.00s Real=0.00s
[2019-04-06T18:19:44.029+0800][8.913s] GC(6) Concurrent Mark
[2019-04-06T18:19:44.029+0800][8.913s] GC(6) Using 4 workers of 4 for marking
[2019-04-06T18:19:44.030+0800][8.914s] GC(6) Concurrent Mark 1.273ms
[2019-04-06T18:19:44.030+0800][8.914s] GC(6) User=0.13s Sys=0.00s Real=0.00s
[2019-04-06T18:19:44.030+0800][8.914s] GC(6) Concurrent Preclean
[2019-04-06T18:19:44.031+0800][8.915s] GC(6) Concurrent Preclean 0.537ms
[2019-04-06T18:19:44.031+0800][8.915s] GC(6) User=0.00s Sys=0.00s Real=0.00s
[2019-04-06T18:19:44.031+0800][8.915s] GC(6) Concurrent Abortable Preclean
[2019-04-06T18:19:44.105+0800][8.988s] GC(6) Concurrent Abortable Preclean 73.406ms
[2019-04-06T18:19:44.105+0800][8.988s] GC(6) User=0.23s Sys=0.00s Real=0.07s
[2019-04-06T18:19:44.105+0800][8.988s] GC(6) Pause Remark
[2019-04-06T18:19:44.105+0800][8.988s] GC(7) Pause Young (CMS Final Remark)
[2019-04-06T18:19:44.105+0800][8.988s] GC(7) Using 4 workers of 4 for evacuation
[2019-04-06T18:19:44.117+0800][9.000s] GC(7) ParNew: 78517K->21824K(109248K)
[2019-04-06T18:19:44.117+0800][9.000s] GC(7) CMS: 564K->8725K(393216K)
[2019-04-06T18:19:44.117+0800][9.000s] GC(7) Metaspace: 39213K->39213K(1085440K)
[2019-04-06T18:19:44.117+0800][9.000s] GC(7) Pause Young (CMS Final Remark) 77M->29M(490M) 12.230ms
[2019-04-06T18:19:44.117+0800][9.000s] GC(7) User=0.06s Sys=0.00s Real=0.01s
[2019-04-06T18:19:44.125+0800][9.008s] GC(6) Pause Remark 77M->29M(490M) 20.040ms
[2019-04-06T18:19:44.125+0800][9.008s] GC(6) User=0.08s Sys=0.00s Real=0.02s
[2019-04-06T18:19:44.125+0800][9.008s] GC(6) Concurrent Sweep
[2019-04-06T18:19:44.127+0800][9.010s] GC(6) Concurrent Sweep 2.114ms
[2019-04-06T18:19:44.127+0800][9.010s] GC(6) User=0.00s Sys=0.00s Real=0.00s
[2019-04-06T18:19:44.127+0800][9.011s] GC(6) Concurrent Reset
[2019-04-06T18:19:44.128+0800][9.011s] GC(6) Concurrent Reset 0.285ms
[2019-04-06T18:19:44.128+0800][9.011s] GC(6) User=0.00s Sys=0.00s Real=0.00s
[2019-04-06T18:19:44.128+0800][9.011s] GC(6) Old: 564K->8725K(393216K)
[2019-04-06T18:19:44.168+0800][9.052s] GC(8) Pause Young (Allocation Failure)
[2019-04-06T18:19:44.168+0800][9.052s] GC(8) Using 4 workers of 4 for evacuation
[2019-04-06T18:19:44.174+0800][9.058s] GC(8) ParNew: 109248K->17192K(109248K)
[2019-04-06T18:19:44.175+0800][9.058s] GC(8) CMS: 8725K->8725K(393216K)
[2019-04-06T18:19:44.175+0800][9.058s] GC(8) Metaspace: 39620K->39620K(1085440K)
[2019-04-06T18:19:44.175+0800][9.058s] GC(8) Pause Young (Allocation Failure) 115M->25M(490M) 6.183ms
[2019-04-06T18:19:44.175+0800][9.058s] GC(8) User=0.09s Sys=0.00s Real=0.01s
[2019-04-06T18:19:44.235+0800][9.118s] GC(9) Pause Young (Allocation Failure)
[2019-04-06T18:19:44.235+0800][9.118s] GC(9) Using 4 workers of 4 for evacuation
[2019-04-06T18:19:44.241+0800][9.124s] GC(9) ParNew: 104616K->17656K(109248K)
[2019-04-06T18:19:44.241+0800][9.124s] GC(9) CMS: 8725K->8725K(393216K)
[2019-04-06T18:19:44.242+0800][9.124s] GC(9) Metaspace: 40513K->40513K(1085440K)
[2019-04-06T18:19:44.242+0800][9.124s] GC(9) Pause Young (Allocation Failure) 110M->25M(490M) 6.402ms
[2019-04-06T18:19:44.242+0800][9.125s] GC(9) User=0.00s Sys=0.00s Real=0.01s
[2019-04-06T18:19:44.597+0800][9.480s] GC(10) Pause Young (Allocation Failure)
[2019-04-06T18:19:44.597+0800][9.480s] GC(10) Using 4 workers of 4 for evacuation
[2019-04-06T18:19:44.604+0800][9.487s] GC(10) ParNew: 105080K->21824K(109248K)
[2019-04-06T18:19:44.604+0800][9.487s] GC(10) CMS: 8725K->8725K(393216K)
[2019-04-06T18:19:44.604+0800][9.487s] GC(10) Metaspace: 43534K->43534K(1089536K)
[2019-04-06T18:19:44.604+0800][9.487s] GC(10) Pause Young (Allocation Failure) 111M->29M(490M) 7.115ms
[2019-04-06T18:19:44.604+0800][9.487s] GC(10) User=0.00s Sys=0.00s Real=0.01s
[2019-04-06T18:19:49.591+0800][14.474s] GC(11) Pause Young (Allocation Failure)
[2019-04-06T18:19:49.591+0800][14.474s] GC(11) Using 4 workers of 4 for evacuation
[2019-04-06T18:19:49.600+0800][14.483s] GC(11) ParNew: 109248K->21070K(109248K)
[2019-04-06T18:19:49.600+0800][14.483s] GC(11) CMS: 8725K->8738K(393216K)
[2019-04-06T18:19:49.600+0800][14.483s] GC(11) Metaspace: 45557K->45557K(1091584K)
[2019-04-06T18:19:49.600+0800][14.483s] GC(11) Pause Young (Allocation Failure) 115M->29M(490M) 8.716ms
[2019-04-06T18:19:49.600+0800][14.483s] GC(11) User=0.08s Sys=0.00s Real=0.01s
[2019-04-06T18:20:10.564+0800][35.447s] GC(12) Pause Young (Allocation Failure)
[2019-04-06T18:20:10.564+0800][35.447s] GC(12) Using 4 workers of 4 for evacuation
[2019-04-06T18:20:10.601+0800][35.483s] GC(12) ParNew: 108494K->21824K(109248K)
[2019-04-06T18:20:10.601+0800][35.483s] GC(12) CMS: 8738K->25286K(393216K)
[2019-04-06T18:20:10.601+0800][35.483s] GC(12) Metaspace: 50425K->50425K(1095680K)
[2019-04-06T18:20:10.601+0800][35.483s] GC(12) Pause Young (Allocation Failure) 114M->46M(490M) 36.289ms
[2019-04-06T18:20:10.601+0800][35.484s] GC(12) User=0.11s Sys=0.02s Real=0.04s
